501
1001
1501
2001
1
1502
502
1002
2
2002
1503
503
1003
3
2003
1504
504
1004
1505
2004
4
505
1005
2005
1506
506
5
1006
1507
2006
507
6
1007
2007
1508
508
7
1008
2008
1509
509
8
1009
2009
510
1510
9
1010
2010
1511
511
10
1011
2011
1512
512
11
1012
1513
2012
513
12
1013
2013
1514
514
13
1014
2014
1515
1015
14
515
2015
1516
15
1016
2016
516
16
1017
1517
2017
517
1518
17
1018
2018
518
18
1519
1019
2019
519
19
1520
1020
2020
520
1521
20
1021
2021
521
1522
1022
21
2022
522
1523
22
1023
2023
1524
523
23
1024
2024
524
1525
1025
24
2025
1526
525
1026
25
2026
1527
1027
526
26
2027
1528
527
1028
27
2028
1029
1529
528
28
2029
1530
1030
29
529
2030
1531
1031
530
30
1532
2031
1032
531
31
1533
2032
1033
532
32
1534
1034
2033
533
33
1535
2034
1035
534
34
2035
1036
1536
35
535
2036
1537
1037
536
36
2037
1038
1538
37
537
2038
1039
1539
538
38
2039
1540
1040
39
539
2040
1541
1041
40
1542
2041
540
1042
41
1543
2042
541
1043
42
1544
2043
542
1044
43
1545
2044
543
1045
44
1546
544
2045
1046
1547
45
2046
545
46
1047
1548
2047
546
47
1048
1549
2048
547
48
1550
2049
1049
548
49
1551
1050
2050
549
50
1051
2051
1552
550
51
1553
1052
2052
551
52
2053
1053
1554
53
552
2054
1054
1555
54
553
1556
1055
2055
55
554
1557
2056
1056
56
555
2057
1558
57
1057
556
2058
1559
58
1058
557
2059
1560
1059
59
558
2060
1561
1060
60
559
1562
1061
2061
61
560
1563
1062
2062
62
561
1564
1063
562
2063
63
1565
1064
2064
563
64
1566
1065
564
2065
65
1567
565
2066
1066
66
1568
2067
566
1067
67
1569
567
2068
1068
68
1570
2069
568
1069
69
1571
2070
569
1070
70
2071
1572
1071
570
71
1573
2072
1072
571
72
1574
2073
572
1073
73
1575
2074
573
1074
74
1576
2075
574
1075
75
1577
2076
1076
575
1578
2077
76
576
1077
1579
77
2078
577
1078
1580
2079
78
578
1079
1581
2080
79
579
1080
1582
2081
580
80
1081
1583
581
2082
81
1082
1584
582
2083
82
1083
1585
583
2084
83
1084
1586
584
2085
84
1085
1587
585
2086
85
1086
586
86
2087
1588
1087
87
587
1589
2088
1088
88
588
1590
2089
1089
89
589
1591
1090
2090
1592
90
590
1091
2091
91
591
1593
2092
1092
92
592
1594
2093
1093
93
1595
593
2094
1094
94
1596
594
2095
1095
95
1597
595
1096
2096
96
596
1598
1097
2097
97
597
1599
1098
2098
98
598
1099
1600
2099
99
599
1100
1601
2100
100
600
1101
1602
2101
101
601
1102
2102
1603
102
602
1103
2103
1604
103
603
1104
2104
1605
104
604
1105
2105
105
1606
605
1106
2106
106
1607
606
1107
2107
107
1608
607
1108
2108
108
1609
608
1109
2109
109
609
1110
1610
2110
110
610
1111
1611
111
2111
611
1112
1612
112
2112
612
1113
1613
113
2113
613
1114
1614
114
2114
614
1115
1615
115
615
2115
116
1116
1616
616
2116
117
1117
1617
617
2117
1618
118
1118
618
2118
1619
119
1119
619
1620
2119
120
1120
620
1621
121
2120
1121
621
122
1622
2121
622
1122
123
1623
2122
623
124
1123
1624
2123
624
125
1124
1625
2124
625
1125
126
1626
2125
626
127
1126
1627
2126
627
128
1127
1628
2127
628
1128
129
1629
2128
629
130
1129
1630
2129
131
1130
630
1631
2130
132
631
1131
1632
2131
133
632
1132
1633
2132
134
633
1133
1634
135
2133
634
1134
1635
136
2134
635
1135
1636
137
636
2135
1637
1136
138
637
2136
1137
1638
139
638
2137
1138
1639
140
639
2138
1139
1640
141
640
2139
1140
1641
142
641
2140
642
1642
1141
143
2141
643
1643
1142
144
2142
644
1644
1143
145
2143
1645
1144
645
146
2144
1646
1145
646
147
2145
1647
647
1146
148
1648
2146
1147
648
149
1649
2147
1148
649
150
1650
1149
650
2148
151
1651
651
1150
2149
1652
652
1151
2150
1653
653
1152
2151
1654
654
1153
2152
1655
655
1154
2153
1656
656
1155
2154
1657
657
2155
1658
658
2156
1659
2157
1660
2158
1661
2159
1662
2160
1663
2161
1664
2162
1665
1666
2163
1667
2164
1668
2165
1669
2166
1670
2167
1671
1672
2168
1673
2169
1674
2170
1675
2171
1676
2172
1677
2173
1678
2174
1679
2175
1680
2176
1681
2177
2178
1682
2179
1683
1684
2180
1685
2181
1686
2182
1687
2183
1688
2184
1689
2185
1690
2186
1691
2187
1692
2188
1693
2189
1694
2190
1695
2191
1696
2192
2193
1697
2194
1698
2195
1699
2196
1700
2197
1701
2198
1702
2199
1703
2200
1704
2201
1705
2202
1706
2203
1707
2204
1708
2205
1709
2206
1710
2207
1711
2208
1712
2209
1713
2210
1714
2211
1715
2212
1716
2213
1717
2214
1718
2215
1719
2216
1720
2217
1721
2218
1722
2219
1723
2220
1724
2221
1725
2222
1726
2223
1727
2224
1728
2225
1729
2226
1730
2227
1731
2228
1732
2229
1733
2230
1734
2231
1735
2232
1736
2233
1737
2234
1738
2235
1739
2236
1740
2237
1741
2238
1742
2239
1743
2240
1744
2241
2242
2243
2244
2245
2246
2247
2248
2249
2250
2251
2252
2253
2254
2255
2256
2257
2258
2259
2260
2261
2262
2263
2264
2265
2266
2267
2268
2269
2270
2271
2272
2273
2274
2275
2276
2277
2278
2279
2280
2281
2282
2283
2284
2285
2286
2287
2288
2289
2290
2291
2292
2293
2294
2295
2296
2297
2298
2299
2300
2301
2302
2303
2304
2305
2306
2307
2308
2309
2310
2311
2312
2313
2314
2315
2316
2317
2318
2319
2320
2321
2322
2323
2324
2325
2326
2327
2328
2329
2330
2331
2332
2333
2334
2335
2336
2337
2338
2339
2340
2341
2342
2343
2344
2345
2346
2347
2348
2349
2350
2351
2352
2353
2354
2355
2356
2357
2358
2359
2360
2361
2362
2363
2364
2365
2366
2367
2368
2369
2370
2371
2372
2373
2374
2375
2376
2377
2378
2379
2380
2381
2382
2383
2384
2385
2386
2387
2388
2389
2390
2391
2392
2393
2394
2395
2396
2397
2398
2399
2400
2401
2402
2403
2404
2405
2406
2407
2408
2409
2410
2411
2412
2413
2414
2415
2416
2417
2418
2419
2420
2421
2422
2423
2424
2425
2426
2427
2428
2429
2430
2431
2432
2433
2434
2435
2436
2437
2438
2439
2440
2441
2442
2443
2444
2445
2446
2447
2448
2449
2450
2451
2452
2453
2454
2455
2456
2457
2458
2459
2460
2461
2462
2463
2464
2465
2466
2467
2468
2469
2470
2471
2472
2473
2474
2475
2476
2477
2478
2479
2480
2481
2482
2483
2484
2485
2486
2487
2488
2489
2490
2491
2492
2493
2494
2495
2496
2497
2498
2499
2500
# trajectories = 500 in rank 4
1745
659
1746
1747
1748
1749
1750
1156
1751
1752
1157
1753
152
1158
1754
1159
1755
153
1160
154
1161
1756
1757
155
1162
156
1758
1163
157
1164
1759
158
1165
1760
159
1166
1761
160
1167
1762
161
1168
1763
162
1169
1764
163
1170
1765
1171
164
1766
1172
165
1767
1173
1768
166
1174
167
1769
1175
1770
168
1176
1771
169
1177
170
1772
1178
1773
171
1179
1774
172
1180
173
1775
174
1776
1181
175
1182
1777
1778
176
1183
1184
1779
177
1780
1185
178
1781
1186
179
1782
1187
180
1188
181
1783
1189
1784
182
1190
1785
183
1191
1786
184
1192
1787
185
1193
186
1788
1194
1789
187
1195
1790
1196
188
1197
1791
189
1198
1792
190
1199
191
1793
1200
192
1794
1201
1795
1202
1796
1203
1797
1204
1798
1205
1799
1206
1800
1207
1801
1208
1802
1209
1803
1804
1210
1805
1211
1806
1212
1807
1213
1808
1214
1809
1215
1810
1216
1811
1217
1812
1218
1813
1219
1814
1220
1815
1221
1816
1817
1222
1818
1223
1819
1224
1820
1225
1821
1226
1822
1227
1823
1228
1824
1229
1825
1230
1826
1231
1827
1232
1828
1233
1829
1234
1830
1235
1831
1236
1832
1833
1834
1835
1836
1837
1838
1839
1840
1841
1842
1843
1844
1845
1846
1847
1848
1849
1850
1851
1852
1853
1854
1855
1856
1857
1858
1859
1860
1861
1862
1863
1864
1865
1866
1867
1868
1869
1870
1871
1872
1873
1874
1875
1876
1877
1878
1879
1880
1881
1882
1883
1884
1885
1886
1887
1888
1889
1890
1891
1892
1893
1894
1895
1896
1897
1898
1899
1900
1901
1902
1903
1904
1905
1906
1907
1908
1909
1910
1911
1912
1913
1914
1915
1916
1917
1918
1919
1920
1921
1922
1923
1924
1925
1926
1927
1928
1929
1930
1931
1932
1933
1934
1935
1936
1937
1938
1939
1940
1941
1942
1943
1944
1945
1946
1947
1948
1949
1950
1951
1952
1953
1954
1955
1956
1957
1958
1959
1960
1961
1962
1963
1964
1965
1966
1967
1968
1969
1970
1971
1972
1973
1974
1975
1976
1977
1978
1979
1980
1981
1982
1983
1984
1985
1986
1987
1988
1989
1990
1991
1992
1993
1994
1995
1996
1997
1998
1999
2000
# trajectories = 500 in rank 3
1237
193
194
195
196
660
197
198
199
200
201
202
203
204
205
206
207
208
209
210
211
212
213
214
215
216
217
218
219
220
221
222
223
224
225
226
227
228
229
230
231
232
233
234
235
661
662
663
664
665
666
667
668
669
670
671
672
673
674
675
676
677
678
679
680
681
682
683
684
685
686
687
688
689
690
691
692
693
694
695
1238
236
237
238
239
240
241
242
243
244
245
246
247
248
249
250
251
252
253
254
255
256
257
258
259
260
261
262
263
264
265
266
267
268
269
270
271
272
273
274
275
276
277
278
279
280
281
282
283
284
285
286
287
288
289
290
291
292
293
294
295
296
297
298
299
300
301
302
303
304
305
306
307
308
309
310
311
312
313
314
315
316
317
318
319
320
321
322
323
324
325
326
327
328
329
330
331
332
333
334
335
336
337
338
339
340
341
342
343
344
345
346
347
348
349
350
351
352
353
354
355
356
357
358
359
360
361
362
363
364
365
366
367
368
369
370
371
372
373
374
375
376
377
378
379
380
381
382
383
384
385
386
387
388
389
390
391
392
393
394
395
396
397
398
399
400
401
402
403
404
405
406
407
408
409
410
411
412
413
414
415
416
417
418
419
420
421
422
423
424
425
426
427
428
429
430
431
432
433
434
435
436
437
438
439
440
441
1239
1240
696
1241
697
1242
698
1243
699
1244
700
1245
701
1246
702
1247
703
1248
704
1249
705
1250
706
1251
707
1252
708
1253
709
1254
710
1255
711
1256
1257
712
713
1258
714
1259
715
1260
716
1261
717
1262
718
1263
719
1264
720
1265
721
1266
722
1267
723
1268
724
1269
725
1270
726
1271
727
1272
728
1273
729
1274
730
1275
731
1276
732
1277
733
1278
734
1279
735
1280
736
1281
1282
1283
1284
1285
1286
1287
1288
1289
1290
1291
1292
1293
1294
1295
1296
1297
1298
1299
1300
1301
1302
1303
1304
1305
1306
1307
1308
1309
1310
442
1311
1312
443
1313
444
1314
445
1315
446
1316
447
1317
448
1318
449
1319
450
1320
451
1321
452
1322
453
1323
454
1324
455
1325
456
1326
457
1327
458
1328
459
1329
460
1330
461
1331
462
1332
463
1333
464
1334
465
1335
466
1336
467
1337
468
1338
469
1339
470
1340
471
1341
472
1342
473
1343
474
1344
475
1345
1346
476
1347
477
478
1348
479
1349
480
1350
1351
481
1352
482
1353
483
1354
1355
484
1356
485
1357
486
1358
487
1359
488
1360
489
1361
490
1362
491
492
1363
493
1364
494
495
1365
1366
496
497
1367
498
1368
499
1369
500
1370
# trajectories = 500 in rank 0
1371
1372
1373
1374
1375
1376
1377
1378
1379
1380
1381
1382
1383
1384
1385
1386
1387
1388
1389
1390
1391
1392
1393
1394
1395
1396
1397
1398
1399
1400
1401
1402
1403
1404
1405
1406
1407
1408
1409
1410
1411
1412
1413
1414
1415
1416
1417
1418
1419
1420
1421
1422
1423
1424
1425
1426
1427
1428
1429
1430
1431
1432
1433
1434
1435
1436
1437
1438
1439
1440
1441
1442
1443
1444
1445
1446
1447
1448
1449
1450
1451
1452
1453
1454
1455
1456
1457
1458
1459
1460
1461
1462
1463
1464
1465
1466
1467
1468
1469
1470
1471
1472
1473
1474
1475
1476
1477
1478
1479
1480
1481
1482
1483
1484
1485
1486
1487
1488
1489
1490
1491
1492
1493
1494
1495
1496
1497
1498
1499
1500
# trajectories = 500 in rank 2
737
738
739
740
741
742
743
744
745
746
747
748
749
750
751
752
753
754
755
756
757
758
759
760
761
762
763
764
765
766
767
768
769
770
771
772
773
774
775
776
777
778
779
780
781
782
783
784
785
786
787
788
789
790
791
792
793
794
795
796
797
798
799
800
801
802
803
804
805
806
807
808
809
810
811
812
813
814
815
816
817
818
819
820
821
822
823
824
825
826
827
828
829
830
831
832
833
834
835
836
837
838
839
840
841
842
843
844
845
846
847
848
849
850
851
852
853
854
855
856
857
858
859
860
861
862
863
864
865
866
867
868
869
870
871
872
873
874
875
876
877
878
879
880
881
882
883
884
885
886
887
888
889
890
891
892
893
894
895
896
897
898
899
900
901
902
903
904
905
906
907
908
909
910
911
912
913
914
915
916
917
918
919
920
921
922
923
924
925
926
927
928
929
930
931
932
933
934
935
936
937
938
939
940
941
942
943
944
945
946
947
948
949
950
951
952
953
954
955
956
957
958
959
960
961
962
963
964
965
966
967
968
969
970
971
972
973
974
975
976
977
978
979
980
981
982
983
984
985
986
987
988
989
990
991
992
993
994
995
996
997
998
999
1000
# trajectories = 500 in rank 1
Time taken = 107.1784839630127 seconds

